
/home/runner/work/exp-quantum-kernel-alignment-ml-amrt/exp-quantum-kernel-alignment-ml-amrt/experiment/simulation/js/index-B9wG0fhk.js
   17:4165    warning  'process' is not defined                                                   no-undef
   17:4191    warning  'process' is not defined                                                   no-undef
   25:1014    warning  'setImmediate' is not defined                                              no-undef
   25:1860    warning  Unreachable code                                                           no-unreachable
   33:3442    warning  '__REACT_DEVTOOLS_GLOBAL_HOOK__' is not defined                            no-undef
   33:3499    warning  '__REACT_DEVTOOLS_GLOBAL_HOOK__' is not defined                            no-undef
   41:3263    warning  Empty block statement                                                      no-empty
   46:202     warning  Expected a conditional expression and instead saw an assignment            no-cond-assign
   48:548     warning  Empty block statement                                                      no-empty
   48:4239    warning  Expected a conditional expression and instead saw an assignment            no-cond-assign
   48:4339    warning  Expected a conditional expression and instead saw an assignment            no-cond-assign
   48:4422    warning  Expected a conditional expression and instead saw an assignment            no-cond-assign
   48:4879    warning  Unexpected combined character in character class                           no-misleading-character-class
   48:6394    warning  Do not access Object.prototype method 'hasOwnProperty' from target object  no-prototype-builtins
   48:8622    warning  Do not access Object.prototype method 'hasOwnProperty' from target object  no-prototype-builtins
   48:10740   warning  Do not access Object.prototype method 'hasOwnProperty' from target object  no-prototype-builtins
   48:10770   warning  Do not access Object.prototype method 'hasOwnProperty' from target object  no-prototype-builtins
   48:10889   warning  Do not access Object.prototype method 'hasOwnProperty' from target object  no-prototype-builtins
   48:10950   warning  Do not access Object.prototype method 'hasOwnProperty' from target object  no-prototype-builtins
   48:13913   warning  Unexpected control character(s) in regular expression: \x00, \x1f          no-control-regex
   48:15956   warning  Expected to return a value in method 'get'                                 getter-return
   48:16646   warning  Do not access Object.prototype method 'hasOwnProperty' from target object  no-prototype-builtins
   48:16988   warning  Invalid typeof comparison value                                            valid-typeof
   48:17162   warning  Invalid typeof comparison value                                            valid-typeof
   48:19027   warning  Expected a conditional expression and instead saw an assignment            no-cond-assign
   48:25346   warning  Do not access Object.prototype method 'hasOwnProperty' from target object  no-prototype-builtins
   48:26656   warning  'process' is not defined                                                   no-undef
   48:26682   warning  'process' is not defined                                                   no-undef
   48:43725   warning  Empty block statement                                                      no-empty
   48:45821   warning  Expected a 'break' statement before 'case'                                 no-fallthrough
   48:46286   warning  Unexpected constant condition                                              no-constant-condition
   48:59336   warning  Empty block statement                                                      no-empty
   48:59345   warning  Empty block statement                                                      no-empty
   48:64899   warning  Expected a conditional expression and instead saw an assignment            no-cond-assign
   48:69805   warning  Expected a conditional expression and instead saw an assignment            no-cond-assign
   48:72703   warning  Expected a conditional expression and instead saw an assignment            no-cond-assign
   48:73811   warning  Expected a conditional expression and instead saw an assignment            no-cond-assign
   48:75490   warning  Expected a conditional expression and instead saw an assignment            no-cond-assign
   48:82126   warning  Expected a conditional expression and instead saw an assignment            no-cond-assign
   48:87111   warning  Unnecessary escape character: \/                                           no-useless-escape
   48:97879   warning  Expected a 'break' statement before 'case'                                 no-fallthrough
   48:98832   warning  Empty block statement                                                      no-empty
   48:99111   warning  Expected a 'break' statement before 'case'                                 no-fallthrough
   48:102307  warning  Expected a conditional expression and instead saw an assignment            no-cond-assign
   48:104684  warning  Do not access Object.prototype method 'hasOwnProperty' from target object  no-prototype-builtins
   48:106504  warning  Expected a 'break' statement before 'case'                                 no-fallthrough
   48:107177  warning  Expected a 'break' statement before 'case'                                 no-fallthrough
   48:112967  warning  Expected a 'break' statement before 'case'                                 no-fallthrough
   48:113301  warning  Unexpected constant condition                                              no-constant-condition
   48:115925  warning  Unexpected constant condition                                              no-constant-condition
   48:116550  warning  Expected a 'break' statement before 'case'                                 no-fallthrough
   48:116869  warning  Unexpected constant condition                                              no-constant-condition
   48:117269  warning  Expected a 'break' statement before 'default'                              no-fallthrough
   48:119764  warning  Expected a conditional expression and instead saw an assignment            no-cond-assign
   48:120576  warning  Empty block statement                                                      no-empty
   48:121326  warning  Empty block statement                                                      no-empty
   48:122803  warning  'a' is defined but never used                                              no-unused-vars
   48:125195  warning  Expected a conditional expression and instead saw an assignment            no-cond-assign
   48:128958  warning  Expected a 'break' statement before 'case'                                 no-fallthrough
   48:129147  warning  Expected a 'break' statement before 'case'                                 no-fallthrough
   48:130372  warning  Expected a conditional expression and instead saw an assignment            no-cond-assign
   48:131925  warning  Expected a 'break' statement before 'case'                                 no-fallthrough
   48:133472  warning  Unexpected control character(s) in regular expression: \x00                no-control-regex
   49:476     warning  Expected a 'break' statement before 'case'                                 no-fallthrough
   49:5078    warning  Do not access Object.prototype method 'hasOwnProperty' from target object  no-prototype-builtins
   49:5650    warning  Do not access Object.prototype method 'hasOwnProperty' from target object  no-prototype-builtins
   49:5989    warning  Do not access Object.prototype method 'hasOwnProperty' from target object  no-prototype-builtins
   49:6384    warning  Do not access Object.prototype method 'hasOwnProperty' from target object  no-prototype-builtins
   49:6500    warning  Expected a 'break' statement before 'default'                              no-fallthrough
   49:6662    warning  Do not access Object.prototype method 'hasOwnProperty' from target object  no-prototype-builtins
   49:6925    warning  Do not access Object.prototype method 'hasOwnProperty' from target object  no-prototype-builtins
   49:7419    warning  Expected a 'break' statement before 'case'                                 no-fallthrough
   49:7558    warning  Do not access Object.prototype method 'hasOwnProperty' from target object  no-prototype-builtins
   49:7736    warning  Do not access Object.prototype method 'hasOwnProperty' from target object  no-prototype-builtins
   49:7818    warning  Do not access Object.prototype method 'hasOwnProperty' from target object  no-prototype-builtins
   49:8079    warning  Do not access Object.prototype method 'hasOwnProperty' from target object  no-prototype-builtins
   49:8177    warning  Expected a 'break' statement before 'default'                              no-fallthrough
   49:8187    warning  Do not access Object.prototype method 'hasOwnProperty' from target object  no-prototype-builtins
   49:8265    warning  Do not access Object.prototype method 'hasOwnProperty' from target object  no-prototype-builtins
   49:8653    warning  Do not access Object.prototype method 'hasOwnProperty' from target object  no-prototype-builtins
   49:8727    warning  Expected a 'break' statement before 'default'                              no-fallthrough
   49:8737    warning  Do not access Object.prototype method 'hasOwnProperty' from target object  no-prototype-builtins
   49:8805    warning  Do not access Object.prototype method 'hasOwnProperty' from target object  no-prototype-builtins
   49:8923    warning  Expected a 'break' statement before 'default'                              no-fallthrough
   49:9099    warning  Do not access Object.prototype method 'hasOwnProperty' from target object  no-prototype-builtins
   49:9130    warning  Do not access Object.prototype method 'hasOwnProperty' from target object  no-prototype-builtins
   49:9254    warning  Do not access Object.prototype method 'hasOwnProperty' from target object  no-prototype-builtins
   49:9530    warning  Do not access Object.prototype method 'hasOwnProperty' from target object  no-prototype-builtins
   49:9562    warning  Do not access Object.prototype method 'hasOwnProperty' from target object  no-prototype-builtins
   49:9685    warning  Do not access Object.prototype method 'hasOwnProperty' from target object  no-prototype-builtins
   49:10042   warning  Do not access Object.prototype method 'hasOwnProperty' from target object  no-prototype-builtins
   49:10074   warning  Do not access Object.prototype method 'hasOwnProperty' from target object  no-prototype-builtins
   49:10144   warning  Do not access Object.prototype method 'hasOwnProperty' from target object  no-prototype-builtins
   49:10358   warning  Do not access Object.prototype method 'hasOwnProperty' from target object  no-prototype-builtins
   49:10393   warning  Do not access Object.prototype method 'hasOwnProperty' from target object  no-prototype-builtins
   49:10463   warning  Do not access Object.prototype method 'hasOwnProperty' from target object  no-prototype-builtins
   49:10561   warning  Do not access Object.prototype method 'hasOwnProperty' from target object  no-prototype-builtins
   49:10592   warning  Do not access Object.prototype method 'hasOwnProperty' from target object  no-prototype-builtins
   49:10658   warning  Do not access Object.prototype method 'hasOwnProperty' from target object  no-prototype-builtins
   49:18704   warning  Expected a conditional expression and instead saw an assignment            no-cond-assign
   49:19775   warning  Expected a conditional expression and instead saw an assignment            no-cond-assign
   49:22308   warning  Expected a conditional expression and instead saw an assignment            no-cond-assign
   49:34385   warning  'navigation' is not defined                                                no-undef
   49:34414   warning  'navigation' is not defined                                                no-undef
   49:34454   warning  'navigation' is not defined                                                no-undef
   49:34600   warning  'navigation' is not defined                                                no-undef
   49:34642   warning  'navigation' is not defined                                                no-undef
   49:34691   warning  'navigation' is not defined                                                no-undef
   49:34772   warning  'navigation' is not defined                                                no-undef
   49:34817   warning  'navigation' is not defined                                                no-undef
   49:34869   warning  'navigation' is not defined                                                no-undef
   49:36016   warning  '__REACT_DEVTOOLS_GLOBAL_HOOK__' is not defined                            no-undef
   49:36115   warning  Empty block statement                                                      no-empty
   49:37261   warning  '__REACT_DEVTOOLS_GLOBAL_HOOK__' is not defined                            no-undef
   49:37318   warning  '__REACT_DEVTOOLS_GLOBAL_HOOK__' is not defined                            no-undef
   49:39542   warning  't' is defined but never used                                              no-unused-vars
   49:43176   warning  Do not access Object.prototype method 'hasOwnProperty' from target object  no-prototype-builtins
   49:62718   warning  Empty block statement                                                      no-empty
   49:64390   warning  'r' is assigned a value but never used                                     no-unused-vars
   49:64403   warning  'o' is assigned a value but never used                                     no-unused-vars
   49:64413   warning  'l' is assigned a value but never used                                     no-unused-vars
   49:67049   warning  'n' is defined but never used                                              no-unused-vars
   49:68164   warning  Unexpected comma in middle of array                                        no-sparse-arrays
   49:68770   warning  'r' is defined but never used                                              no-unused-vars
   49:68901   warning  'n' is assigned a value but never used                                     no-unused-vars
   49:69057   warning  'e' is defined but never used                                              no-unused-vars
   49:69065   warning  't' is defined but never used                                              no-unused-vars
   49:69081   warning  'n' is defined but never used                                              no-unused-vars
   49:69099   warning  'r' is defined but never used                                              no-unused-vars
   49:69118   warning  'o' is defined but never used                                              no-unused-vars
   49:69127   warning  'l' is defined but never used                                              no-unused-vars
   49:69140   warning  'u' is defined but never used                                              no-unused-vars
   49:69154   warning  'c' is defined but never used                                              no-unused-vars
   49:69161   warning  'd' is defined but never used                                              no-unused-vars
   49:69171   warning  'h' is defined but never used                                              no-unused-vars
   49:73352   warning  'o' is assigned a value but never used                                     no-unused-vars
   49:73875   warning  Do not access Object.prototype method 'hasOwnProperty' from target object  no-prototype-builtins
   49:85500   warning  't' is defined but never used                                              no-unused-vars
   49:85502   warning  'n' is defined but never used                                              no-unused-vars
   49:85504   warning  'r' is defined but never used                                              no-unused-vars
   49:86822   warning  'p' is assigned a value but never used                                     no-unused-vars
   49:100222  warning  'b' is assigned a value but never used                                     no-unused-vars
   49:101115  warning  Do not access Object.prototype method 'hasOwnProperty' from target object  no-prototype-builtins
   57:3746    warning  'require' is not defined                                                   no-undef
   57:3794    warning  Empty block statement                                                      no-empty
   57:6311    warning  'S' is assigned a value but never used                                     no-unused-vars
   57:9611    warning  'e' is defined but never used                                              no-unused-vars
   57:9613    warning  't' is defined but never used                                              no-unused-vars
   57:36993   warning  'Dg' is a function                                                         no-func-assign
   57:38026   warning  'Ng' is a function                                                         no-func-assign
   57:41630   warning  Expected a 'break' statement before 'default'                              no-fallthrough
   57:42022   warning  Expected a conditional expression and instead saw an assignment            no-cond-assign
   57:42879   warning  Expected a conditional expression and instead saw an assignment            no-cond-assign
   57:44461   warning  Expected a 'break' statement before 'default'                              no-fallthrough
   57:46866   warning  Expected a 'break' statement before 'case'                                 no-fallthrough
   57:47275   warning  Expected a 'break' statement before 'default'                              no-fallthrough
   57:48972   warning  Expected a 'break' statement before 'default'                              no-fallthrough
   57:52725   warning  Expected a 'break' statement before 'default'                              no-fallthrough
   57:58828   warning  'Bg' is a function                                                         no-func-assign
   57:61495   warning  't' is defined but never used                                              no-unused-vars
   57:70166   warning  'Buffer' is not defined                                                    no-undef
   73:10744   warning  't' is defined but never used                                              no-unused-vars
   73:21378   warning  'r' is assigned a value but never used                                     no-unused-vars
   73:21401   warning  'o' is assigned a value but never used                                     no-unused-vars
   73:21425   warning  'l' is assigned a value but never used                                     no-unused-vars
   73:27341   warning  't' is defined but never used                                              no-unused-vars
   73:33961   warning  't' is defined but never used                                              no-unused-vars
   73:33963   warning  'n' is defined but never used                                              no-unused-vars
   73:43214   warning  'Xg' is a function                                                         no-func-assign
   76:1749    warning  't' is defined but never used                                              no-unused-vars
   76:10800   warning  '_ne' is assigned a value but never used                                   no-unused-vars
   76:10822   warning  'Cne' is assigned a value but never used                                   no-unused-vars
   76:10940   warning  'n0' is a function                                                         no-func-assign
   76:18340   warning  'i0' is a function                                                         no-func-assign
   76:20998   warning  'a0' is a function                                                         no-func-assign
   76:31206   warning  'wd' is a function                                                         no-func-assign
   86:545     warning  Empty block statement                                                      no-empty
   86:975     warning  'R' is assigned a value but never used                                     no-unused-vars
   86:1660    warning  '$' is assigned a value but never used                                     no-unused-vars
   86:4215    warning  'l0' is a function                                                         no-func-assign
  103:2805    warning  't' is defined but never used                                              no-unused-vars
  103:4701    warning  't' is defined but never used                                              no-unused-vars
  103:4790    warning  't' is defined but never used                                              no-unused-vars
  103:5506    warning  'n' is defined but never used                                              no-unused-vars
  103:12011   warning  Expected a conditional expression and instead saw an assignment            no-cond-assign
  103:12272   warning  Expected a conditional expression and instead saw an assignment            no-cond-assign
  103:12312   warning  Expected a conditional expression and instead saw an assignment            no-cond-assign
  103:12376   warning  Expected a conditional expression and instead saw an assignment            no-cond-assign
  103:12415   warning  Expected a conditional expression and instead saw an assignment            no-cond-assign
  103:12478   warning  Expected a conditional expression and instead saw an assignment            no-cond-assign
  103:12522   warning  Expected a conditional expression and instead saw an assignment            no-cond-assign
  103:12571   warning  Do not access Object.prototype method 'hasOwnProperty' from target object  no-prototype-builtins
  103:17596   warning  Expected a conditional expression and instead saw an assignment            no-cond-assign
  103:18177   warning  Expected a conditional expression and instead saw an assignment            no-cond-assign
  103:50466   warning  Empty block statement                                                      no-empty
  103:50652   warning  Empty block statement                                                      no-empty
  103:50940   warning  Empty block statement                                                      no-empty
  103:63102   warning  Expected a conditional expression and instead saw an assignment            no-cond-assign
  103:63758   warning  Do not access Object.prototype method 'hasOwnProperty' from target object  no-prototype-builtins
  103:64211   warning  'cx' is already defined                                                    no-redeclare
  103:105136  warning  'b0' is a function                                                         no-func-assign
  103:111480  warning  'jne' is assigned a value but never used                                   no-unused-vars
  103:118013  warning  'e' is defined but never used                                              no-unused-vars
  103:123581  warning  'w0' is a function                                                         no-func-assign
  103:131295  warning  'si' is a function                                                         no-func-assign
  105:1463    warning  '_' is assigned a value but never used                                     no-unused-vars
  105:1543    warning  'j' is assigned a value but never used                                     no-unused-vars
  105:3541    warning  'Bd' is a function                                                         no-func-assign
  105:4395    warning  'o' is assigned a value but never used                                     no-unused-vars
  105:5513    warning  'Pne' is assigned a value but never used                                   no-unused-vars
  105:5534    warning  'Dne' is assigned a value but never used                                   no-unused-vars
  105:5551    warning  'Nne' is assigned a value but never used                                   no-unused-vars
  105:5571    warning  'kne' is assigned a value but never used                                   no-unused-vars
  113:4069    warning  'Id' is a function                                                         no-func-assign
  113:5181    warning  Empty block statement                                                      no-empty
  113:7479    warning  't' is defined but never used                                              no-unused-vars
  113:10382   warning  'Rne' is assigned a value but never used                                   no-unused-vars
  113:10411   warning  'zne' is assigned a value but never used                                   no-unused-vars
  113:13055   warning  'Lne' is assigned a value but never used                                   no-unused-vars
  113:13072   warning  'Bne' is assigned a value but never used                                   no-unused-vars
  113:13088   warning  'Ine' is assigned a value but never used                                   no-unused-vars
  113:16534   warning  'Une' is assigned a value but never used                                   no-unused-vars
  113:17311   warning  'Vne' is assigned a value but never used                                   no-unused-vars
  113:17325   warning  'qne' is assigned a value but never used                                   no-unused-vars
  113:17337   warning  'Hne' is assigned a value but never used                                   no-unused-vars
  113:17352   warning  '$ne' is assigned a value but never used                                   no-unused-vars
  113:17364   warning  'Kne' is assigned a value but never used                                   no-unused-vars
  113:17379   warning  'Gne' is assigned a value but never used                                   no-unused-vars
  113:22798   warning  'so' is a function                                                         no-func-assign
  113:30227   warning  'Wa' is a function                                                         no-func-assign
  113:31268   warning  'g' is assigned a value but never used                                     no-unused-vars
  113:31482   warning  'l' is assigned a value but never used                                     no-unused-vars
  113:31492   warning  'u' is assigned a value but never used                                     no-unused-vars
  113:31868   warning  'l' is assigned a value but never used                                     no-unused-vars
  113:31878   warning  'u' is assigned a value but never used                                     no-unused-vars
  113:35815   warning  'Yne' is assigned a value but never used                                   no-unused-vars
  113:35835   warning  'Fne' is assigned a value but never used                                   no-unused-vars
  113:35854   warning  'Xne' is assigned a value but never used                                   no-unused-vars
  121:1327    warning  't' is defined but never used                                              no-unused-vars
  121:4009    warning  'e' is defined but never used                                              no-unused-vars
  121:4011    warning  't' is defined but never used                                              no-unused-vars
  121:4055    warning  'O0' is a function                                                         no-func-assign
  121:6502    warning  'E0' is a function                                                         no-func-assign
  121:7638    warning  'xi' is a function                                                         no-func-assign
  121:9982    warning  'S' is assigned a value but never used                                     no-unused-vars
  121:10013   warning  'M' is assigned a value but never used                                     no-unused-vars
  121:16818   warning  'tu' is a function                                                         no-func-assign
  121:19019   warning  'uo' is a function                                                         no-func-assign
  121:27460   warning  '_0' is a function                                                         no-func-assign
  121:29638   warning  'm' is assigned a value but never used                                     no-unused-vars
  121:29646   warning  'p' is assigned a value but never used                                     no-unused-vars
  121:29654   warning  'g' is assigned a value but never used                                     no-unused-vars
  121:29674   warning  'x' is assigned a value but never used                                     no-unused-vars
  121:29682   warning  'w' is assigned a value but never used                                     no-unused-vars
  121:31082   warning  'P0' is a function                                                         no-func-assign
  121:33538   warning  'w' is assigned a value but never used                                     no-unused-vars
  121:33546   warning  'S' is assigned a value but never used                                     no-unused-vars
  121:33554   warning  'E' is assigned a value but never used                                     no-unused-vars
  121:33575   warning  '_' is assigned a value but never used                                     no-unused-vars
  121:33583   warning  'C' is assigned a value but never used                                     no-unused-vars
  121:37004   warning  'Wne' is assigned a value but never used                                   no-unused-vars
  121:41686   warning  '$d' is a function                                                         no-func-assign
  121:43889   warning  'fa' is a function                                                         no-func-assign
  121:49263   warning  'R0' is a function                                                         no-func-assign

/home/runner/work/exp-quantum-kernel-alignment-ml-amrt/exp-quantum-kernel-alignment-ml-amrt/experiment/simulation/js/index-CAA1gFXA.js
   17:4165    warning  'process' is not defined                                                   no-undef
   17:4191    warning  'process' is not defined                                                   no-undef
   25:1014    warning  'setImmediate' is not defined                                              no-undef
   25:1860    warning  Unreachable code                                                           no-unreachable
   33:3442    warning  '__REACT_DEVTOOLS_GLOBAL_HOOK__' is not defined                            no-undef
   33:3499    warning  '__REACT_DEVTOOLS_GLOBAL_HOOK__' is not defined                            no-undef
   41:3263    warning  Empty block statement                                                      no-empty
   46:202     warning  Expected a conditional expression and instead saw an assignment            no-cond-assign
   48:548     warning  Empty block statement                                                      no-empty
   48:4239    warning  Expected a conditional expression and instead saw an assignment            no-cond-assign
   48:4339    warning  Expected a conditional expression and instead saw an assignment            no-cond-assign
   48:4422    warning  Expected a conditional expression and instead saw an assignment            no-cond-assign
   48:4879    warning  Unexpected combined character in character class                           no-misleading-character-class
   48:6394    warning  Do not access Object.prototype method 'hasOwnProperty' from target object  no-prototype-builtins
   48:8622    warning  Do not access Object.prototype method 'hasOwnProperty' from target object  no-prototype-builtins
   48:10740   warning  Do not access Object.prototype method 'hasOwnProperty' from target object  no-prototype-builtins
   48:10770   warning  Do not access Object.prototype method 'hasOwnProperty' from target object  no-prototype-builtins
   48:10889   warning  Do not access Object.prototype method 'hasOwnProperty' from target object  no-prototype-builtins
   48:10950   warning  Do not access Object.prototype method 'hasOwnProperty' from target object  no-prototype-builtins
   48:13913   warning  Unexpected control character(s) in regular expression: \x00, \x1f          no-control-regex
   48:15956   warning  Expected to return a value in method 'get'                                 getter-return
   48:16646   warning  Do not access Object.prototype method 'hasOwnProperty' from target object  no-prototype-builtins
   48:16988   warning  Invalid typeof comparison value                                            valid-typeof
   48:17162   warning  Invalid typeof comparison value                                            valid-typeof
   48:19027   warning  Expected a conditional expression and instead saw an assignment            no-cond-assign
   48:25346   warning  Do not access Object.prototype method 'hasOwnProperty' from target object  no-prototype-builtins
   48:26656   warning  'process' is not defined                                                   no-undef
   48:26682   warning  'process' is not defined                                                   no-undef
   48:43725   warning  Empty block statement                                                      no-empty
   48:45821   warning  Expected a 'break' statement before 'case'                                 no-fallthrough
   48:46286   warning  Unexpected constant condition                                              no-constant-condition
   48:59336   warning  Empty block statement                                                      no-empty
   48:59345   warning  Empty block statement                                                      no-empty
   48:64899   warning  Expected a conditional expression and instead saw an assignment            no-cond-assign
   48:69805   warning  Expected a conditional expression and instead saw an assignment            no-cond-assign
   48:72703   warning  Expected a conditional expression and instead saw an assignment            no-cond-assign
   48:73811   warning  Expected a conditional expression and instead saw an assignment            no-cond-assign
   48:75490   warning  Expected a conditional expression and instead saw an assignment            no-cond-assign
   48:82126   warning  Expected a conditional expression and instead saw an assignment            no-cond-assign
   48:87111   warning  Unnecessary escape character: \/                                           no-useless-escape
   48:97879   warning  Expected a 'break' statement before 'case'                                 no-fallthrough
   48:98832   warning  Empty block statement                                                      no-empty
   48:99111   warning  Expected a 'break' statement before 'case'                                 no-fallthrough
   48:102307  warning  Expected a conditional expression and instead saw an assignment            no-cond-assign
   48:104684  warning  Do not access Object.prototype method 'hasOwnProperty' from target object  no-prototype-builtins
   48:106504  warning  Expected a 'break' statement before 'case'                                 no-fallthrough
   48:107177  warning  Expected a 'break' statement before 'case'                                 no-fallthrough
   48:112967  warning  Expected a 'break' statement before 'case'                                 no-fallthrough
   48:113301  warning  Unexpected constant condition                                              no-constant-condition
   48:115925  warning  Unexpected constant condition                                              no-constant-condition
   48:116550  warning  Expected a 'break' statement before 'case'                                 no-fallthrough
   48:116869  warning  Unexpected constant condition                                              no-constant-condition
   48:117269  warning  Expected a 'break' statement before 'default'                              no-fallthrough
   48:119764  warning  Expected a conditional expression and instead saw an assignment            no-cond-assign
   48:120576  warning  Empty block statement                                                      no-empty
   48:121326  warning  Empty block statement                                                      no-empty
   48:122803  warning  'a' is defined but never used                                              no-unused-vars
   48:125195  warning  Expected a conditional expression and instead saw an assignment            no-cond-assign
   48:128958  warning  Expected a 'break' statement before 'case'                                 no-fallthrough
   48:129147  warning  Expected a 'break' statement before 'case'                                 no-fallthrough
   48:130372  warning  Expected a conditional expression and instead saw an assignment            no-cond-assign
   48:131925  warning  Expected a 'break' statement before 'case'                                 no-fallthrough
   48:133472  warning  Unexpected control character(s) in regular expression: \x00                no-control-regex
   49:476     warning  Expected a 'break' statement before 'case'                                 no-fallthrough
   49:5078    warning  Do not access Object.prototype method 'hasOwnProperty' from target object  no-prototype-builtins
   49:5650    warning  Do not access Object.prototype method 'hasOwnProperty' from target object  no-prototype-builtins
   49:5989    warning  Do not access Object.prototype method 'hasOwnProperty' from target object  no-prototype-builtins
   49:6384    warning  Do not access Object.prototype method 'hasOwnProperty' from target object  no-prototype-builtins
   49:6500    warning  Expected a 'break' statement before 'default'                              no-fallthrough
   49:6662    warning  Do not access Object.prototype method 'hasOwnProperty' from target object  no-prototype-builtins
   49:6925    warning  Do not access Object.prototype method 'hasOwnProperty' from target object  no-prototype-builtins
   49:7419    warning  Expected a 'break' statement before 'case'                                 no-fallthrough
   49:7558    warning  Do not access Object.prototype method 'hasOwnProperty' from target object  no-prototype-builtins
   49:7736    warning  Do not access Object.prototype method 'hasOwnProperty' from target object  no-prototype-builtins
   49:7818    warning  Do not access Object.prototype method 'hasOwnProperty' from target object  no-prototype-builtins
   49:8079    warning  Do not access Object.prototype method 'hasOwnProperty' from target object  no-prototype-builtins
   49:8177    warning  Expected a 'break' statement before 'default'                              no-fallthrough
   49:8187    warning  Do not access Object.prototype method 'hasOwnProperty' from target object  no-prototype-builtins
   49:8265    warning  Do not access Object.prototype method 'hasOwnProperty' from target object  no-prototype-builtins
   49:8653    warning  Do not access Object.prototype method 'hasOwnProperty' from target object  no-prototype-builtins
   49:8727    warning  Expected a 'break' statement before 'default'                              no-fallthrough
   49:8737    warning  Do not access Object.prototype method 'hasOwnProperty' from target object  no-prototype-builtins
   49:8805    warning  Do not access Object.prototype method 'hasOwnProperty' from target object  no-prototype-builtins
   49:8923    warning  Expected a 'break' statement before 'default'                              no-fallthrough
   49:9099    warning  Do not access Object.prototype method 'hasOwnProperty' from target object  no-prototype-builtins
   49:9130    warning  Do not access Object.prototype method 'hasOwnProperty' from target object  no-prototype-builtins
   49:9254    warning  Do not access Object.prototype method 'hasOwnProperty' from target object  no-prototype-builtins
   49:9530    warning  Do not access Object.prototype method 'hasOwnProperty' from target object  no-prototype-builtins
   49:9562    warning  Do not access Object.prototype method 'hasOwnProperty' from target object  no-prototype-builtins
   49:9685    warning  Do not access Object.prototype method 'hasOwnProperty' from target object  no-prototype-builtins
   49:10042   warning  Do not access Object.prototype method 'hasOwnProperty' from target object  no-prototype-builtins
   49:10074   warning  Do not access Object.prototype method 'hasOwnProperty' from target object  no-prototype-builtins
   49:10144   warning  Do not access Object.prototype method 'hasOwnProperty' from target object  no-prototype-builtins
   49:10358   warning  Do not access Object.prototype method 'hasOwnProperty' from target object  no-prototype-builtins
   49:10393   warning  Do not access Object.prototype method 'hasOwnProperty' from target object  no-prototype-builtins
   49:10463   warning  Do not access Object.prototype method 'hasOwnProperty' from target object  no-prototype-builtins
   49:10561   warning  Do not access Object.prototype method 'hasOwnProperty' from target object  no-prototype-builtins
   49:10592   warning  Do not access Object.prototype method 'hasOwnProperty' from target object  no-prototype-builtins
   49:10658   warning  Do not access Object.prototype method 'hasOwnProperty' from target object  no-prototype-builtins
   49:18704   warning  Expected a conditional expression and instead saw an assignment            no-cond-assign
   49:19775   warning  Expected a conditional expression and instead saw an assignment            no-cond-assign
   49:22308   warning  Expected a conditional expression and instead saw an assignment            no-cond-assign
   49:34385   warning  'navigation' is not defined                                                no-undef
   49:34414   warning  'navigation' is not defined                                                no-undef
   49:34454   warning  'navigation' is not defined                                                no-undef
   49:34600   warning  'navigation' is not defined                                                no-undef
   49:34642   warning  'navigation' is not defined                                                no-undef
   49:34691   warning  'navigation' is not defined                                                no-undef
   49:34772   warning  'navigation' is not defined                                                no-undef
   49:34817   warning  'navigation' is not defined                                                no-undef
   49:34869   warning  'navigation' is not defined                                                no-undef
   49:36016   warning  '__REACT_DEVTOOLS_GLOBAL_HOOK__' is not defined                            no-undef
   49:36115   warning  Empty block statement                                                      no-empty
   49:37261   warning  '__REACT_DEVTOOLS_GLOBAL_HOOK__' is not defined                            no-undef
   49:37318   warning  '__REACT_DEVTOOLS_GLOBAL_HOOK__' is not defined                            no-undef
   49:39542   warning  't' is defined but never used                                              no-unused-vars
   49:43176   warning  Do not access Object.prototype method 'hasOwnProperty' from target object  no-prototype-builtins
   49:62718   warning  Empty block statement                                                      no-empty
   49:64390   warning  'r' is assigned a value but never used                                     no-unused-vars
   49:64403   warning  'o' is assigned a value but never used                                     no-unused-vars
   49:64413   warning  'l' is assigned a value but never used                                     no-unused-vars
   49:67049   warning  'n' is defined but never used                                              no-unused-vars
   49:68164   warning  Unexpected comma in middle of array                                        no-sparse-arrays
   49:68770   warning  'r' is defined but never used                                              no-unused-vars
   49:68901   warning  'n' is assigned a value but never used                                     no-unused-vars
   49:69057   warning  'e' is defined but never used                                              no-unused-vars
   49:69065   warning  't' is defined but never used                                              no-unused-vars
   49:69081   warning  'n' is defined but never used                                              no-unused-vars
   49:69099   warning  'r' is defined but never used                                              no-unused-vars
   49:69118   warning  'o' is defined but never used                                              no-unused-vars
   49:69127   warning  'l' is defined but never used                                              no-unused-vars
   49:69140   warning  'u' is defined but never used                                              no-unused-vars
   49:69154   warning  'c' is defined but never used                                              no-unused-vars
   49:69161   warning  'd' is defined but never used                                              no-unused-vars
   49:69171   warning  'h' is defined but never used                                              no-unused-vars
   49:73352   warning  'o' is assigned a value but never used                                     no-unused-vars
   49:73875   warning  Do not access Object.prototype method 'hasOwnProperty' from target object  no-prototype-builtins
   49:85500   warning  't' is defined but never used                                              no-unused-vars
   49:85502   warning  'n' is defined but never used                                              no-unused-vars
   49:85504   warning  'r' is defined but never used                                              no-unused-vars
   49:86822   warning  'p' is assigned a value but never used                                     no-unused-vars
   49:100222  warning  'b' is assigned a value but never used                                     no-unused-vars
   49:101115  warning  Do not access Object.prototype method 'hasOwnProperty' from target object  no-prototype-builtins
   57:3746    warning  'require' is not defined                                                   no-undef
   57:3794    warning  Empty block statement                                                      no-empty
   57:6311    warning  'w' is assigned a value but never used                                     no-unused-vars
   57:9611    warning  'e' is defined but never used                                              no-unused-vars
   57:9613    warning  't' is defined but never used                                              no-unused-vars
   57:36993   warning  'Dg' is a function                                                         no-func-assign
   57:38026   warning  'Ng' is a function                                                         no-func-assign
   57:41630   warning  Expected a 'break' statement before 'default'                              no-fallthrough
   57:42022   warning  Expected a conditional expression and instead saw an assignment            no-cond-assign
   57:42879   warning  Expected a conditional expression and instead saw an assignment            no-cond-assign
   57:44461   warning  Expected a 'break' statement before 'default'                              no-fallthrough
   57:46866   warning  Expected a 'break' statement before 'case'                                 no-fallthrough
   57:47275   warning  Expected a 'break' statement before 'default'                              no-fallthrough
   57:48972   warning  Expected a 'break' statement before 'default'                              no-fallthrough
   57:52725   warning  Expected a 'break' statement before 'default'                              no-fallthrough
   57:58828   warning  'Bg' is a function                                                         no-func-assign
   57:61495   warning  't' is defined but never used                                              no-unused-vars
   57:70166   warning  'Buffer' is not defined                                                    no-undef
   73:10744   warning  't' is defined but never used                                              no-unused-vars
   73:21378   warning  'r' is assigned a value but never used                                     no-unused-vars
   73:21401   warning  'o' is assigned a value but never used                                     no-unused-vars
   73:21425   warning  'l' is assigned a value but never used                                     no-unused-vars
   73:27341   warning  't' is defined but never used                                              no-unused-vars
   73:33961   warning  't' is defined but never used                                              no-unused-vars
   73:33963   warning  'n' is defined but never used                                              no-unused-vars
   73:43214   warning  'Xg' is a function                                                         no-func-assign
   76:1749    warning  't' is defined but never used                                              no-unused-vars
   76:10800   warning  'Mne' is assigned a value but never used                                   no-unused-vars
   76:10822   warning  'Cne' is assigned a value but never used                                   no-unused-vars
   76:10940   warning  'n0' is a function                                                         no-func-assign
   76:18340   warning  'i0' is a function                                                         no-func-assign
   76:20998   warning  'a0' is a function                                                         no-func-assign
   76:31206   warning  'Sd' is a function                                                         no-func-assign
   86:545     warning  Empty block statement                                                      no-empty
   86:975     warning  'R' is assigned a value but never used                                     no-unused-vars
   86:1660    warning  '$' is assigned a value but never used                                     no-unused-vars
   86:4215    warning  'l0' is a function                                                         no-func-assign
  103:2805    warning  't' is defined but never used                                              no-unused-vars
  103:4701    warning  't' is defined but never used                                              no-unused-vars
  103:4790    warning  't' is defined but never used                                              no-unused-vars
  103:5506    warning  'n' is defined but never used                                              no-unused-vars
  103:12011   warning  Expected a conditional expression and instead saw an assignment            no-cond-assign
  103:12272   warning  Expected a conditional expression and instead saw an assignment            no-cond-assign
  103:12312   warning  Expected a conditional expression and instead saw an assignment            no-cond-assign
  103:12376   warning  Expected a conditional expression and instead saw an assignment            no-cond-assign
  103:12415   warning  Expected a conditional expression and instead saw an assignment            no-cond-assign
  103:12478   warning  Expected a conditional expression and instead saw an assignment            no-cond-assign
  103:12522   warning  Expected a conditional expression and instead saw an assignment            no-cond-assign
  103:12571   warning  Do not access Object.prototype method 'hasOwnProperty' from target object  no-prototype-builtins
  103:17596   warning  Expected a conditional expression and instead saw an assignment            no-cond-assign
  103:18177   warning  Expected a conditional expression and instead saw an assignment            no-cond-assign
  103:50466   warning  Empty block statement                                                      no-empty
  103:50652   warning  Empty block statement                                                      no-empty
  103:50940   warning  Empty block statement                                                      no-empty
  103:63102   warning  Expected a conditional expression and instead saw an assignment            no-cond-assign
  103:63758   warning  Do not access Object.prototype method 'hasOwnProperty' from target object  no-prototype-builtins
  103:64211   warning  'cx' is already defined                                                    no-redeclare
  103:105136  warning  'b0' is a function                                                         no-func-assign
  103:111480  warning  'jne' is assigned a value but never used                                   no-unused-vars
  103:118013  warning  'e' is defined but never used                                              no-unused-vars
  103:123581  warning  'S0' is a function                                                         no-func-assign
  103:131295  warning  'si' is a function                                                         no-func-assign
  105:1463    warning  'M' is assigned a value but never used                                     no-unused-vars
  105:1543    warning  'j' is assigned a value but never used                                     no-unused-vars
  105:3541    warning  'Bd' is a function                                                         no-func-assign
  105:4395    warning  'o' is assigned a value but never used                                     no-unused-vars
  105:5513    warning  'Pne' is assigned a value but never used                                   no-unused-vars
  105:5534    warning  'Dne' is assigned a value but never used                                   no-unused-vars
  105:5551    warning  'Nne' is assigned a value but never used                                   no-unused-vars
  105:5571    warning  'kne' is assigned a value but never used                                   no-unused-vars
  113:4069    warning  'Id' is a function                                                         no-func-assign
  113:5181    warning  Empty block statement                                                      no-empty
  113:7479    warning  't' is defined but never used                                              no-unused-vars
  113:10382   warning  'Rne' is assigned a value but never used                                   no-unused-vars
  113:10411   warning  'zne' is assigned a value but never used                                   no-unused-vars
  113:13055   warning  'Lne' is assigned a value but never used                                   no-unused-vars
  113:13072   warning  'Bne' is assigned a value but never used                                   no-unused-vars
  113:13088   warning  'Ine' is assigned a value but never used                                   no-unused-vars
  113:16534   warning  'Une' is assigned a value but never used                                   no-unused-vars
  113:17311   warning  'Vne' is assigned a value but never used                                   no-unused-vars
  113:17325   warning  'qne' is assigned a value but never used                                   no-unused-vars
  113:17337   warning  'Hne' is assigned a value but never used                                   no-unused-vars
  113:17352   warning  '$ne' is assigned a value but never used                                   no-unused-vars
  113:17364   warning  'Kne' is assigned a value but never used                                   no-unused-vars
  113:17379   warning  'Gne' is assigned a value but never used                                   no-unused-vars
  113:22798   warning  'so' is a function                                                         no-func-assign
  113:30227   warning  'Wa' is a function                                                         no-func-assign
  113:31268   warning  'g' is assigned a value but never used                                     no-unused-vars
  113:31482   warning  'l' is assigned a value but never used                                     no-unused-vars
  113:31492   warning  'u' is assigned a value but never used                                     no-unused-vars
  113:31868   warning  'l' is assigned a value but never used                                     no-unused-vars
  113:31878   warning  'u' is assigned a value but never used                                     no-unused-vars
  113:35815   warning  'Yne' is assigned a value but never used                                   no-unused-vars
  113:35835   warning  'Fne' is assigned a value but never used                                   no-unused-vars
  113:35854   warning  'Xne' is assigned a value but never used                                   no-unused-vars
  121:1327    warning  't' is defined but never used                                              no-unused-vars
  121:4009    warning  'e' is defined but never used                                              no-unused-vars
  121:4011    warning  't' is defined but never used                                              no-unused-vars
  121:4055    warning  'O0' is a function                                                         no-func-assign
  121:6502    warning  'E0' is a function                                                         no-func-assign
  121:7638    warning  'xi' is a function                                                         no-func-assign
  121:9982    warning  'w' is assigned a value but never used                                     no-unused-vars
  121:10013   warning  '_' is assigned a value but never used                                     no-unused-vars
  121:16818   warning  'tu' is a function                                                         no-func-assign
  121:19019   warning  'uo' is a function                                                         no-func-assign
  121:27460   warning  'M0' is a function                                                         no-func-assign
  121:29638   warning  'm' is assigned a value but never used                                     no-unused-vars
  121:29646   warning  'p' is assigned a value but never used                                     no-unused-vars
  121:29654   warning  'g' is assigned a value but never used                                     no-unused-vars
  121:29674   warning  'x' is assigned a value but never used                                     no-unused-vars
  121:29682   warning  'S' is assigned a value but never used                                     no-unused-vars
  121:31082   warning  'P0' is a function                                                         no-func-assign
  121:33538   warning  'S' is assigned a value but never used                                     no-unused-vars
  121:33546   warning  'w' is assigned a value but never used                                     no-unused-vars
  121:33554   warning  'E' is assigned a value but never used                                     no-unused-vars
  121:33575   warning  'M' is assigned a value but never used                                     no-unused-vars
  121:33583   warning  'C' is assigned a value but never used                                     no-unused-vars
  121:37004   warning  'Wne' is assigned a value but never used                                   no-unused-vars
  121:41686   warning  '$d' is a function                                                         no-func-assign
  121:43889   warning  'fa' is a function                                                         no-func-assign
  121:49263   warning  'R0' is a function                                                         no-func-assign

✖ 528 problems (0 errors, 528 warnings)

